Determining if the pthread_create exist failed with the following output:
Change Dir: /home/michal/Documents/SystemyOperacyjne2-Projekt/Projekt2/build/CMakeFiles/CMakeTmp

Run Build Command(s):/usr/bin/make cmTC_f355f/fast 
/usr/bin/make -f CMakeFiles/cmTC_f355f.dir/build.make CMakeFiles/cmTC_f355f.dir/build
make[1]: Entering directory '/home/michal/Documents/SystemyOperacyjne2-Projekt/Projekt2/build/CMakeFiles/CMakeTmp'
Building C object CMakeFiles/cmTC_f355f.dir/CheckSymbolExists.c.o
/usr/bin/cc    -o CMakeFiles/cmTC_f355f.dir/CheckSymbolExists.c.o   -c /home/michal/Documents/SystemyOperacyjne2-Projekt/Projekt2/build/CMakeFiles/CMakeTmp/CheckSymbolExists.c
Linking C executable cmTC_f355f
/usr/bin/cmake -E cmake_link_script CMakeFiles/cmTC_f355f.dir/link.txt --verbose=1
/usr/bin/cc      CMakeFiles/cmTC_f355f.dir/CheckSymbolExists.c.o  -o cmTC_f355f 
/usr/bin/ld: CMakeFiles/cmTC_f355f.dir/CheckSymbolExists.c.o: in function `main':
CheckSymbolExists.c:(.text+0x1b): undefined reference to `pthread_create'
collect2: error: ld returned 1 exit status
make[1]: *** [CMakeFiles/cmTC_f355f.dir/build.make:87: cmTC_f355f] Error 1
make[1]: Leaving directory '/home/michal/Documents/SystemyOperacyjne2-Projekt/Projekt2/build/CMakeFiles/CMakeTmp'
make: *** [Makefile:121: cmTC_f355f/fast] Error 2

File /home/michal/Documents/SystemyOperacyjne2-Projekt/Projekt2/build/CMakeFiles/CMakeTmp/CheckSymbolExists.c:
/* */
#include <pthread.h>

int main(int argc, char** argv)
{
  (void)argv;
#ifndef pthread_create
  return ((int*)(&pthread_create))[argc];
#else
  (void)argc;
  return 0;
#endif
}

Determining if the function pthread_create exists in the pthreads failed with the following output:
Change Dir: /home/michal/Documents/SystemyOperacyjne2-Projekt/Projekt2/build/CMakeFiles/CMakeTmp

Run Build Command(s):/usr/bin/make cmTC_9d3cf/fast 
/usr/bin/make -f CMakeFiles/cmTC_9d3cf.dir/build.make CMakeFiles/cmTC_9d3cf.dir/build
make[1]: Entering directory '/home/michal/Documents/SystemyOperacyjne2-Projekt/Projekt2/build/CMakeFiles/CMakeTmp'
Building C object CMakeFiles/cmTC_9d3cf.dir/CheckFunctionExists.c.o
/usr/bin/cc   -DCHECK_FUNCTION_EXISTS=pthread_create   -o CMakeFiles/cmTC_9d3cf.dir/CheckFunctionExists.c.o   -c /usr/share/cmake-3.14/Modules/CheckFunctionExists.c
Linking C executable cmTC_9d3cf
/usr/bin/cmake -E cmake_link_script CMakeFiles/cmTC_9d3cf.dir/link.txt --verbose=1
/usr/bin/cc  -DCHECK_FUNCTION_EXISTS=pthread_create    CMakeFiles/cmTC_9d3cf.dir/CheckFunctionExists.c.o  -o cmTC_9d3cf -lpthreads 
/usr/bin/ld: cannot find -lpthreads
collect2: error: ld returned 1 exit status
make[1]: *** [CMakeFiles/cmTC_9d3cf.dir/build.make:87: cmTC_9d3cf] Error 1
make[1]: Leaving directory '/home/michal/Documents/SystemyOperacyjne2-Projekt/Projekt2/build/CMakeFiles/CMakeTmp'
make: *** [Makefile:121: cmTC_9d3cf/fast] Error 2


